<?xml version="1.0" encoding="UTF-8"?>
<!-- Generated by org.testng.reporters.JUnitXMLReporter -->
<testsuite ignored="0" hostname="LAPTOP-SI931HN7" failures="0" tests="4" name="Test" time="13.088" errors="0" timestamp="2022-10-11T15:56:28 IST">
  <testcase classname="com.SauceDemo.TestClasses.Tc_01_VerifyLogin" name="VerifyLogin" time="0.186"/>
  <testcase classname="com.SauceDemo.TestClasses.TC_02_VerifyLogout" name="VerifyLogout" time="0.324"/>
  <testcase classname="com.SauceDemo.TestClasses.TC_03_VerifyBagProduct" name="VerifyBagPrdt" time="0.297"/>
  <testcase classname="com.SauceDemo.TestClasses.TC_04_VerifyAllPrdts" name="VerifyAllPrdts" time="0.398"/>
</testsuite> <!-- Test -->
