<?xml version="1.0" encoding="UTF-8"?>
<testng-results ignored="0" total="4" passed="4" failed="0" skipped="0">
  <reporter-output>
  </reporter-output>
  <suite started-at="2022-10-11T15:56:15 IST" name="Suite" finished-at="2022-10-11T15:56:28 IST" duration-ms="13088">
    <groups>
    </groups>
    <test started-at="2022-10-11T15:56:15 IST" name="Test" finished-at="2022-10-11T15:56:28 IST" duration-ms="13088">
      <class name="com.SauceDemo.TestClasses.Tc_01_VerifyLogin">
        <test-method is-config="true" signature="Setup(java.lang.String)[pri:0, instance:com.SauceDemo.TestClasses.Tc_01_VerifyLogin@4fb61f4a]" started-at="2022-10-11T15:56:15 IST" name="Setup" finished-at="2022-10-11T15:56:20 IST" duration-ms="4695" status="PASS">
          <params>
            <param index="0">
              <value>
                <![CDATA[chrome]]>
              </value>
            </param>
          </params>
          <reporter-output>
          </reporter-output>
        </test-method> <!-- Setup -->
        <test-method signature="VerifyLogin()[pri:0, instance:com.SauceDemo.TestClasses.Tc_01_VerifyLogin@4fb61f4a]" started-at="2022-10-11T15:56:20 IST" name="VerifyLogin" finished-at="2022-10-11T15:56:20 IST" duration-ms="186" status="PASS">
          <reporter-output>
          </reporter-output>
        </test-method> <!-- VerifyLogin -->
        <test-method is-config="true" signature="teardown()[pri:0, instance:com.SauceDemo.TestClasses.Tc_01_VerifyLogin@4fb61f4a]" started-at="2022-10-11T15:56:20 IST" name="teardown" finished-at="2022-10-11T15:56:21 IST" duration-ms="311" status="PASS">
          <reporter-output>
          </reporter-output>
        </test-method> <!-- teardown -->
      </class> <!-- com.SauceDemo.TestClasses.Tc_01_VerifyLogin -->
      <class name="com.SauceDemo.TestClasses.TC_04_VerifyAllPrdts">
        <test-method is-config="true" signature="Setup(java.lang.String)[pri:0, instance:com.SauceDemo.TestClasses.TC_04_VerifyAllPrdts@158d2680]" started-at="2022-10-11T15:56:25 IST" name="Setup" finished-at="2022-10-11T15:56:28 IST" duration-ms="2643" status="PASS">
          <params>
            <param index="0">
              <value>
                <![CDATA[chrome]]>
              </value>
            </param>
          </params>
          <reporter-output>
          </reporter-output>
        </test-method> <!-- Setup -->
        <test-method signature="VerifyAllPrdts()[pri:0, instance:com.SauceDemo.TestClasses.TC_04_VerifyAllPrdts@158d2680]" started-at="2022-10-11T15:56:28 IST" name="VerifyAllPrdts" finished-at="2022-10-11T15:56:28 IST" duration-ms="398" status="PASS">
          <reporter-output>
          </reporter-output>
        </test-method> <!-- VerifyAllPrdts -->
        <test-method is-config="true" signature="teardown()[pri:0, instance:com.SauceDemo.TestClasses.TC_04_VerifyAllPrdts@158d2680]" started-at="2022-10-11T15:56:28 IST" name="teardown" finished-at="2022-10-11T15:56:28 IST" duration-ms="190" status="PASS">
          <reporter-output>
          </reporter-output>
        </test-method> <!-- teardown -->
      </class> <!-- com.SauceDemo.TestClasses.TC_04_VerifyAllPrdts -->
      <class name="com.SauceDemo.TestClasses.TC_03_VerifyBagProduct">
        <test-method is-config="true" signature="Setup(java.lang.String)[pri:0, instance:com.SauceDemo.TestClasses.TC_03_VerifyBagProduct@131774fe]" started-at="2022-10-11T15:56:23 IST" name="Setup" finished-at="2022-10-11T15:56:25 IST" duration-ms="1829" status="PASS">
          <params>
            <param index="0">
              <value>
                <![CDATA[chrome]]>
              </value>
            </param>
          </params>
          <reporter-output>
          </reporter-output>
        </test-method> <!-- Setup -->
        <test-method signature="VerifyBagPrdt()[pri:0, instance:com.SauceDemo.TestClasses.TC_03_VerifyBagProduct@131774fe]" started-at="2022-10-11T15:56:25 IST" name="VerifyBagPrdt" finished-at="2022-10-11T15:56:25 IST" duration-ms="297" status="PASS">
          <reporter-output>
          </reporter-output>
        </test-method> <!-- VerifyBagPrdt -->
        <test-method is-config="true" signature="teardown()[pri:0, instance:com.SauceDemo.TestClasses.TC_03_VerifyBagProduct@131774fe]" started-at="2022-10-11T15:56:25 IST" name="teardown" finished-at="2022-10-11T15:56:25 IST" duration-ms="201" status="PASS">
          <reporter-output>
          </reporter-output>
        </test-method> <!-- teardown -->
      </class> <!-- com.SauceDemo.TestClasses.TC_03_VerifyBagProduct -->
      <class name="com.SauceDemo.TestClasses.TC_02_VerifyLogout">
        <test-method is-config="true" signature="Setup(java.lang.String)[pri:0, instance:com.SauceDemo.TestClasses.TC_02_VerifyLogout@10e31a9a]" started-at="2022-10-11T15:56:21 IST" name="Setup" finished-at="2022-10-11T15:56:22 IST" duration-ms="1769" status="PASS">
          <params>
            <param index="0">
              <value>
                <![CDATA[chrome]]>
              </value>
            </param>
          </params>
          <reporter-output>
          </reporter-output>
        </test-method> <!-- Setup -->
        <test-method signature="VerifyLogout()[pri:0, instance:com.SauceDemo.TestClasses.TC_02_VerifyLogout@10e31a9a]" started-at="2022-10-11T15:56:22 IST" name="VerifyLogout" finished-at="2022-10-11T15:56:23 IST" duration-ms="324" status="PASS">
          <reporter-output>
          </reporter-output>
        </test-method> <!-- VerifyLogout -->
        <test-method is-config="true" signature="teardown()[pri:0, instance:com.SauceDemo.TestClasses.TC_02_VerifyLogout@10e31a9a]" started-at="2022-10-11T15:56:23 IST" name="teardown" finished-at="2022-10-11T15:56:23 IST" duration-ms="196" status="PASS">
          <reporter-output>
          </reporter-output>
        </test-method> <!-- teardown -->
      </class> <!-- com.SauceDemo.TestClasses.TC_02_VerifyLogout -->
    </test> <!-- Test -->
  </suite> <!-- Suite -->
</testng-results>
